Message received from door = 1449193371;Open;0;0;1
Message received from keychain = 1449193372;True;1;0;1
Message received from motionsensor = 1449193373;True;1;1;1
Message received from keychain = 1449193377;True;2;1;1
Message received from motionsensor = 1449193378;True;2;2;1
Message received from door = 1449193381;Close;2;2;2
Message received from keychain = 1449193382;False;3;2;2
Message received from motionsensor = 1449193383;False;3;3;2
Message received from keychain = 1449193387;False;4;3;2
Message received from motionsensor = 1449193388;False;4;4;2
Message received from door = 1449193391;Open;4;4;3
Message received from keychain = 1449193392;True;5;4;3
Message received from motionsensor = 1449193393;True;5;5;3
Message received from keychain = 1449193397;True;6;5;3
Message received from motionsensor = 1449193398;True;6;6;3
Message received from door = 1449193401;Close;6;6;4
Message received from keychain = 1449193402;True;7;6;4
Message received from motionsensor = 1449193403;True;7;7;4
Message received from door = 1449193406;Open;7;7;5
Message received from keychain = 1449193408;True;8;7;5
Message received from motionsensor = 1449193409;True;8;8;5
Message received from door = 1449193409;Close;8;7;6
Message received from keychain = 1449193413;False;9;8;6
Message received from motionsensor = 1449193413;False;9;9;6
Message received from keychain = 1449193418;False;10;9;6
Message received from motionsensor = 1449193419;False;10;10;6
